DEPRECATION WARNING: config.action_view.debug_rjs will be removed in 3.1, from 3.1 onwards you will need to install prototype-rails to continue to use RJS templates . (called from service at /home/nikolay/.rvm/rubies/ruby-1.9.2-p180/lib/ruby/1.9.1/webrick/httpserver.rb:111)


Started GET "/pages/home" for 127.0.0.1 at 2011-07-23 14:36:16 +0400

ActionController::RoutingError (No route matches "/pages/home"):
  

Rendered /home/nikolay/.rvm/gems/ruby-1.9.2-p180@rails3tutorial/gems/actionpack-3.0.9/lib/action_dispatch/middleware/templates/rescues/routing_error.erb within rescues/layout (2.7ms)


Started GET "/pages/" for 127.0.0.1 at 2011-07-23 14:36:23 +0400

ActionController::RoutingError (No route matches "/pages"):
  

Rendered /home/nikolay/.rvm/gems/ruby-1.9.2-p180@rails3tutorial/gems/actionpack-3.0.9/lib/action_dispatch/middleware/templates/rescues/routing_error.erb within rescues/layout (1.6ms)


Started GET "/pages/help" for 127.0.0.1 at 2011-07-23 14:36:29 +0400

ActionController::RoutingError (No route matches "/pages/help"):
  

Rendered /home/nikolay/.rvm/gems/ruby-1.9.2-p180@rails3tutorial/gems/actionpack-3.0.9/lib/action_dispatch/middleware/templates/rescues/routing_error.erb within rescues/layout (2.2ms)
  [1m[36mSQL (0.6ms)[0m  [1m SELECT name
 FROM sqlite_master
 WHERE type = 'table' AND NOT name = 'sqlite_sequence'
[0m
  [1m[35mSQL (0.2ms)[0m  select sqlite_version(*)
  [1m[36mSQL (188.3ms)[0m  [1mCREATE TABLE "schema_migrations" ("version" varchar(255) NOT NULL) [0m
  [1m[35mSQL (0.1ms)[0m  PRAGMA index_list("schema_migrations")
  [1m[36mSQL (78.8ms)[0m  [1mCREATE UNIQUE INDEX "unique_schema_migrations" ON "schema_migrations" ("version")[0m
  [1m[35mSQL (0.2ms)[0m   SELECT name
 FROM sqlite_master
 WHERE type = 'table' AND NOT name = 'sqlite_sequence'
  [1m[36mSQL (0.3ms)[0m  [1m SELECT name
 FROM sqlite_master
 WHERE type = 'table' AND NOT name = 'sqlite_sequence'
[0m
  [1m[35mSQL (0.2ms)[0m   SELECT name
 FROM sqlite_master
 WHERE type = 'table' AND NOT name = 'sqlite_sequence'
  [1m[36mSQL (0.2ms)[0m  [1mSELECT "schema_migrations"."version" FROM "schema_migrations"[0m
  [1m[35mSQL (0.2ms)[0m   SELECT name
 FROM sqlite_master
 WHERE type = 'table' AND NOT name = 'sqlite_sequence'


Started GET "/pages/home" for 127.0.0.1 at 2011-07-23 15:42:36 +0400
  Processing by PagesController#home as HTML
Rendered pages/home.html.erb (0.6ms)
Completed 200 OK in 21ms (Views: 20.4ms | ActiveRecord: 0.0ms)


Started GET "/pages/help" for 127.0.0.1 at 2011-07-23 16:16:20 +0400

ActionController::RoutingError (No route matches "/pages/help"):
  

Rendered /home/nikolay/.rvm/gems/ruby-1.9.2-p180@rails3tutorial/gems/actionpack-3.0.9/lib/action_dispatch/middleware/templates/rescues/routing_error.erb within rescues/layout (1.8ms)


Started GET "/pages/help" for 127.0.0.1 at 2011-07-23 16:16:41 +0400
  Processing by PagesController#help as HTML
Rendered pages/help.html.erb within layouts/application (28.6ms)
Completed 200 OK in 37ms (Views: 36.0ms | ActiveRecord: 0.0ms)
DEPRECATION WARNING: config.action_view.debug_rjs will be removed in 3.1, from 3.1 onwards you will need to install prototype-rails to continue to use RJS templates . (called from service at /home/nikolay/.rvm/rubies/ruby-1.9.2-p180/lib/ruby/1.9.1/webrick/httpserver.rb:111)


Started GET "/pages/home" for 127.0.0.1 at 2011-07-23 16:33:57 +0400
  Processing by PagesController#home as HTML
Rendered pages/home.html.erb within layouts/application (1.6ms)
Completed 200 OK in 19ms (Views: 17.9ms | ActiveRecord: 0.0ms)


Started GET "/pages/home" for 127.0.0.1 at 2011-07-23 16:34:16 +0400
  Processing by PagesController#home as HTML
Rendered pages/home.html.erb within layouts/application (1.5ms)
Completed 200 OK in 9ms (Views: 7.9ms | ActiveRecord: 0.0ms)


Started GET "/pages/home" for 127.0.0.1 at 2011-07-23 16:34:19 +0400
  Processing by PagesController#home as HTML
Rendered pages/home.html.erb within layouts/application (1.8ms)
Completed 200 OK in 9ms (Views: 8.4ms | ActiveRecord: 0.0ms)


Started GET "/pages/home" for 127.0.0.1 at 2011-07-23 16:35:41 +0400
  Processing by PagesController#home as HTML
Rendered pages/home.html.erb within layouts/application (1.7ms)
Completed 200 OK in 9ms (Views: 8.1ms | ActiveRecord: 0.0ms)


Started GET "/pages/home" for 127.0.0.1 at 2011-07-23 16:35:53 +0400
  Processing by PagesController#home as HTML
Rendered pages/home.html.erb within layouts/application (1.4ms)
Completed 200 OK in 9ms (Views: 7.8ms | ActiveRecord: 0.0ms)


Started GET "/pages/home" for 127.0.0.1 at 2011-07-23 16:35:56 +0400
  Processing by PagesController#home as HTML
Rendered pages/home.html.erb within layouts/application (2.1ms)
Completed 200 OK in 9ms (Views: 8.7ms | ActiveRecord: 0.0ms)


Started GET "/pages/home" for 127.0.0.1 at 2011-07-23 16:35:57 +0400
  Processing by PagesController#home as HTML
Rendered pages/home.html.erb within layouts/application (2.4ms)
Completed 200 OK in 12ms (Views: 11.0ms | ActiveRecord: 0.0ms)


Started GET "/pages/home" for 127.0.0.1 at 2011-07-23 16:35:58 +0400
  Processing by PagesController#home as HTML
Rendered pages/home.html.erb within layouts/application (1.5ms)
Completed 200 OK in 10ms (Views: 9.4ms | ActiveRecord: 0.0ms)
DEPRECATION WARNING: config.action_view.debug_rjs will be removed in 3.1, from 3.1 onwards you will need to install prototype-rails to continue to use RJS templates . (called from service at /home/nikolay/.rvm/rubies/ruby-1.9.2-p180/lib/ruby/1.9.1/webrick/httpserver.rb:111)


Started GET "/pages/home" for 127.0.0.1 at 2011-07-23 16:36:23 +0400
  Processing by PagesController#home as HTML
Rendered pages/home.html.erb within layouts/application (1.6ms)
Completed 200 OK in 10ms (Views: 9.3ms | ActiveRecord: 0.0ms)


Started GET "/pages/home" for 127.0.0.1 at 2011-07-23 16:37:03 +0400
  Processing by PagesController#home as HTML
Rendered pages/home.html.erb within layouts/application (1.6ms)
Completed 200 OK in 11ms (Views: 9.9ms | ActiveRecord: 0.0ms)


Started GET "/pages/home" for 127.0.0.1 at 2011-07-23 16:37:09 +0400
  Processing by PagesController#home as HTML
Rendered pages/home.html.erb within layouts/application (5.6ms)
Completed 200 OK in 18ms (Views: 17.0ms | ActiveRecord: 0.0ms)


Started GET "/pages/home" for 127.0.0.1 at 2011-07-23 16:37:40 +0400
  Processing by PagesController#home as HTML
Rendered pages/home.html.erb within layouts/application (1.5ms)
Completed 200 OK in 9ms (Views: 8.5ms | ActiveRecord: 0.0ms)


Started GET "/pages/home" for 127.0.0.1 at 2011-07-23 16:38:00 +0400
  Processing by PagesController#home as HTML
Rendered pages/home.html.erb within layouts/application (1.5ms)
Completed 200 OK in 9ms (Views: 8.7ms | ActiveRecord: 0.0ms)


Started GET "/pages/home" for 127.0.0.1 at 2011-07-23 16:38:09 +0400
  Processing by PagesController#home as HTML
Rendered pages/home.html.erb within layouts/application (1.6ms)
Completed 200 OK in 10ms (Views: 9.6ms | ActiveRecord: 0.0ms)


Started GET "/pages/home" for 127.0.0.1 at 2011-07-23 16:38:20 +0400
  Processing by PagesController#home as HTML
Rendered pages/home.html.erb within layouts/application (1.7ms)
Completed 200 OK in 10ms (Views: 9.1ms | ActiveRecord: 0.0ms)


Started GET "/pages/home" for 127.0.0.1 at 2011-07-23 16:39:33 +0400
  Processing by PagesController#home as HTML
Completed 500 Internal Server Error in 19ms

NameError (uninitialized constant PagesController::App):
  app/controllers/pages_controller.rb:4:in `home'

Rendered /home/nikolay/.rvm/gems/ruby-1.9.2-p180@rails3tutorial/gems/actionpack-3.0.9/lib/action_dispatch/middleware/templates/rescues/_trace.erb (2.2ms)
Rendered /home/nikolay/.rvm/gems/ruby-1.9.2-p180@rails3tutorial/gems/actionpack-3.0.9/lib/action_dispatch/middleware/templates/rescues/_request_and_response.erb (5.7ms)
Rendered /home/nikolay/.rvm/gems/ruby-1.9.2-p180@rails3tutorial/gems/actionpack-3.0.9/lib/action_dispatch/middleware/templates/rescues/diagnostics.erb within rescues/layout (16.9ms)


Started GET "/pages/home" for 127.0.0.1 at 2011-07-23 16:39:49 +0400
  Processing by PagesController#home as HTML
Rendered pages/home.html.erb within layouts/application (2.2ms)
Completed 200 OK in 14ms (Views: 12.9ms | ActiveRecord: 0.0ms)


Started GET "/pages/home" for 127.0.0.1 at 2011-07-23 16:40:04 +0400
  Processing by PagesController#home as HTML
Rendered pages/home.html.erb within layouts/application (1.5ms)
Completed 200 OK in 9ms (Views: 8.6ms | ActiveRecord: 0.0ms)


Started GET "/pages/help" for 127.0.0.1 at 2011-07-23 16:42:06 +0400
  Processing by PagesController#help as HTML
Rendered pages/help.html.erb within layouts/application (1.6ms)
Completed 200 OK in 9ms (Views: 8.3ms | ActiveRecord: 0.0ms)


Started GET "/pages/help" for 127.0.0.1 at 2011-07-23 16:45:01 +0400

ActionController::RoutingError (undefined method `before' for PagesController:Class):
  app/controllers/pages_controller.rb:3:in `<class:PagesController>'
  app/controllers/pages_controller.rb:1:in `<top (required)>'

Rendered /home/nikolay/.rvm/gems/ruby-1.9.2-p180@rails3tutorial/gems/actionpack-3.0.9/lib/action_dispatch/middleware/templates/rescues/routing_error.erb within rescues/layout (1.8ms)


Started GET "/pages/help" for 127.0.0.1 at 2011-07-23 16:47:32 +0400
  Processing by PagesController#help as HTML
Rendered pages/help.html.erb within layouts/application (2.0ms)
Completed 200 OK in 9ms (Views: 8.6ms | ActiveRecord: 0.0ms)


Started GET "/pages/help" for 127.0.0.1 at 2011-07-23 16:47:51 +0400
  Processing by PagesController#help as HTML
Rendered pages/help.html.erb within layouts/application (1.6ms)
Completed 200 OK in 10ms (Views: 8.8ms | ActiveRecord: 0.0ms)


Started GET "/pages/home" for 127.0.0.1 at 2011-07-23 16:48:02 +0400
  Processing by PagesController#home as HTML
Rendered pages/home.html.erb within layouts/application (1.4ms)
Completed 200 OK in 9ms (Views: 8.2ms | ActiveRecord: 0.0ms)


Started GET "/pages/home" for 127.0.0.1 at 2011-07-23 16:50:06 +0400
  Processing by PagesController#home as HTML
Completed 500 Internal Server Error in 1ms

NoMethodError (You have a nil object when you didn't expect it!
You might have expected an instance of Array.
The error occurred while evaluating nil.+):
  app/controllers/pages_controller.rb:6:in `home'

Rendered /home/nikolay/.rvm/gems/ruby-1.9.2-p180@rails3tutorial/gems/actionpack-3.0.9/lib/action_dispatch/middleware/templates/rescues/_trace.erb (2.2ms)
Rendered /home/nikolay/.rvm/gems/ruby-1.9.2-p180@rails3tutorial/gems/actionpack-3.0.9/lib/action_dispatch/middleware/templates/rescues/_request_and_response.erb (7.0ms)
Rendered /home/nikolay/.rvm/gems/ruby-1.9.2-p180@rails3tutorial/gems/actionpack-3.0.9/lib/action_dispatch/middleware/templates/rescues/diagnostics.erb within rescues/layout (27.3ms)


Started GET "/pages/home" for 127.0.0.1 at 2011-07-23 16:51:12 +0400
  Processing by PagesController#home as HTML
Rendered pages/home.html.erb within layouts/application (1.5ms)
Completed 200 OK in 9ms (Views: 8.0ms | ActiveRecord: 0.0ms)


Started GET "/pages/home" for 127.0.0.1 at 2011-07-23 17:57:48 +0400
  Processing by PagesController#home as HTML
Rendered pages/home.html.erb within layouts/application (9.5ms)
Completed 200 OK in 57ms (Views: 55.7ms | ActiveRecord: 0.0ms)


Started GET "/pages/home" for 127.0.0.1 at 2011-07-23 17:58:17 +0400
  Processing by PagesController#home as HTML
Rendered pages/home.html.erb within layouts/application (5.2ms)
Completed 200 OK in 28ms (Views: 22.2ms | ActiveRecord: 0.0ms)


Started GET "/pages/home" for 127.0.0.1 at 2011-07-23 17:58:31 +0400
  Processing by PagesController#home as HTML
Rendered pages/home.html.erb within layouts/application (1.8ms)
Completed 200 OK in 9ms (Views: 8.2ms | ActiveRecord: 0.0ms)


Started GET "/pages/home" for 127.0.0.1 at 2011-07-23 17:58:32 +0400
  Processing by PagesController#home as HTML
Rendered pages/home.html.erb within layouts/application (1.4ms)
Completed 200 OK in 9ms (Views: 8.2ms | ActiveRecord: 0.0ms)


Started GET "/pages/home" for 127.0.0.1 at 2011-07-23 18:00:06 +0400
  Processing by PagesController#home as HTML
Rendered pages/home.html.erb within layouts/application (2.2ms)
Completed 200 OK in 11ms (Views: 9.6ms | ActiveRecord: 0.0ms)


Started GET "/pages/home" for 127.0.0.1 at 2011-07-23 18:00:15 +0400
  Processing by PagesController#home as HTML
Rendered pages/home.html.erb within layouts/application (11.8ms)
Completed 200 OK in 23ms (Views: 22.5ms | ActiveRecord: 0.0ms)


Started GET "/pages/home" for 127.0.0.1 at 2011-07-23 18:00:31 +0400
  Processing by PagesController#home as HTML
Rendered pages/home.html.erb within layouts/application (1.5ms)
Completed 200 OK in 10ms (Views: 9.0ms | ActiveRecord: 0.0ms)


Started GET "/pages/home" for 127.0.0.1 at 2011-07-23 18:04:29 +0400
  Processing by PagesController#home as HTML
Rendered pages/home.html.erb within layouts/application (8.4ms)
Completed 200 OK in 16ms (Views: 15.1ms | ActiveRecord: 0.0ms)


Started GET "/pages/home" for 127.0.0.1 at 2011-07-23 18:07:03 +0400
  Processing by PagesController#home as HTML
Rendered pages/home.html.erb within layouts/application (3.4ms)
Completed 200 OK in 11ms (Views: 10.3ms | ActiveRecord: 0.0ms)


Started GET "/images/logo.png" for 127.0.0.1 at 2011-07-23 18:07:03 +0400

ActionController::RoutingError (No route matches "/images/logo.png"):
  

Rendered /home/nikolay/.rvm/gems/ruby-1.9.2-p180@rails3tutorial/gems/actionpack-3.0.9/lib/action_dispatch/middleware/templates/rescues/routing_error.erb within rescues/layout (3.7ms)


Started GET "/pages/home" for 127.0.0.1 at 2011-07-23 18:07:52 +0400
  Processing by PagesController#home as HTML
Rendered pages/home.html.erb within layouts/application (3.8ms)
Completed 200 OK in 12ms (Views: 11.2ms | ActiveRecord: 0.0ms)


Started GET "/images/logo.png" for 127.0.0.1 at 2011-07-23 18:07:52 +0400

ActionController::RoutingError (No route matches "/images/logo.png"):
  

Rendered /home/nikolay/.rvm/gems/ruby-1.9.2-p180@rails3tutorial/gems/actionpack-3.0.9/lib/action_dispatch/middleware/templates/rescues/routing_error.erb within rescues/layout (3.0ms)


Started GET "/pages/home" for 127.0.0.1 at 2011-07-23 18:08:24 +0400
  Processing by PagesController#home as HTML
Rendered pages/home.html.erb within layouts/application (5.0ms)
Completed 200 OK in 15ms (Views: 13.5ms | ActiveRecord: 0.0ms)


Started GET "/pages/home" for 127.0.0.1 at 2011-07-23 18:11:03 +0400
  Processing by PagesController#home as HTML
Rendered layouts/_stylesheets.html.erb (2.4ms)
Rendered layouts/_header.html.erb (1.4ms)
Rendered layouts/_footer.html.erb (1.2ms)
Rendered pages/home.html.erb within layouts/application (12.8ms)
Completed 200 OK in 21ms (Views: 20.3ms | ActiveRecord: 0.0ms)


Started GET "/pages/home" for 127.0.0.1 at 2011-07-23 18:17:03 +0400

ActionController::RoutingError (No route matches "/pages/home"):
  

Rendered /home/nikolay/.rvm/gems/ruby-1.9.2-p180@rails3tutorial/gems/actionpack-3.0.9/lib/action_dispatch/middleware/templates/rescues/routing_error.erb within rescues/layout (1.7ms)


Started GET "/" for 127.0.0.1 at 2011-07-23 18:17:13 +0400
  Processing by PagesController#home as HTML
Rendered layouts/_stylesheets.html.erb (2.4ms)
Rendered layouts/_header.html.erb (2.3ms)
Rendered layouts/_footer.html.erb (1.4ms)
Rendered pages/home.html.erb within layouts/application (14.5ms)
Completed 200 OK in 22ms (Views: 20.9ms | ActiveRecord: 0.0ms)


Started GET "/" for 127.0.0.1 at 2011-07-23 18:17:16 +0400
  Processing by PagesController#home as HTML
Rendered layouts/_stylesheets.html.erb (2.0ms)
Rendered layouts/_header.html.erb (2.5ms)
Rendered layouts/_footer.html.erb (1.7ms)
Rendered pages/home.html.erb within layouts/application (14.5ms)
Completed 200 OK in 25ms (Views: 23.7ms | ActiveRecord: 0.0ms)


Started GET "/" for 127.0.0.1 at 2011-07-23 18:17:18 +0400
  Processing by PagesController#home as HTML
Rendered layouts/_stylesheets.html.erb (2.3ms)
Rendered layouts/_header.html.erb (3.6ms)
Rendered layouts/_footer.html.erb (1.5ms)
Rendered pages/home.html.erb within layouts/application (16.5ms)
Completed 200 OK in 27ms (Views: 26.0ms | ActiveRecord: 0.0ms)


Started GET "/" for 127.0.0.1 at 2011-07-23 18:17:19 +0400
  Processing by PagesController#home as HTML
Rendered layouts/_stylesheets.html.erb (1.9ms)
Rendered layouts/_header.html.erb (2.5ms)
Rendered layouts/_footer.html.erb (2.3ms)
Rendered pages/home.html.erb within layouts/application (15.4ms)
Completed 200 OK in 24ms (Views: 23.3ms | ActiveRecord: 0.0ms)


Started GET "/about" for 127.0.0.1 at 2011-07-23 18:17:29 +0400
  Processing by PagesController#about as HTML
Rendered layouts/_stylesheets.html.erb (1.9ms)
Rendered layouts/_header.html.erb (2.3ms)
Rendered layouts/_footer.html.erb (1.3ms)
Rendered pages/about.html.erb within layouts/application (13.2ms)
Completed 200 OK in 21ms (Views: 20.3ms | ActiveRecord: 0.0ms)


Started GET "/" for 127.0.0.1 at 2011-07-23 18:18:11 +0400
  Processing by PagesController#home as HTML
Rendered layouts/_stylesheets.html.erb (1.9ms)
Rendered layouts/_header.html.erb (2.7ms)
Rendered layouts/_footer.html.erb (1.5ms)
Rendered pages/home.html.erb within layouts/application (13.9ms)
Completed 200 OK in 22ms (Views: 21.3ms | ActiveRecord: 0.0ms)


Started GET "/about" for 127.0.0.1 at 2011-07-23 18:18:14 +0400
  Processing by PagesController#about as HTML
Rendered layouts/_stylesheets.html.erb (2.2ms)
Rendered layouts/_header.html.erb (2.4ms)
Rendered layouts/_footer.html.erb (1.4ms)
Rendered pages/about.html.erb within layouts/application (13.2ms)
Completed 200 OK in 21ms (Views: 20.0ms | ActiveRecord: 0.0ms)


Started GET "/contact" for 127.0.0.1 at 2011-07-23 18:18:15 +0400
  Processing by PagesController#contact as HTML
Rendered layouts/_stylesheets.html.erb (2.0ms)
Rendered layouts/_header.html.erb (2.6ms)
Rendered layouts/_footer.html.erb (1.5ms)
Rendered pages/contact.html.erb within layouts/application (13.7ms)
Completed 200 OK in 22ms (Views: 21.3ms | ActiveRecord: 0.0ms)


Started GET "/" for 127.0.0.1 at 2011-07-23 18:18:23 +0400
  Processing by PagesController#home as HTML
Rendered layouts/_stylesheets.html.erb (1.9ms)
Rendered layouts/_header.html.erb (2.3ms)
Rendered layouts/_footer.html.erb (2.2ms)
Rendered pages/home.html.erb within layouts/application (51.9ms)
Completed 200 OK in 61ms (Views: 60.5ms | ActiveRecord: 0.0ms)
DEPRECATION WARNING: config.action_view.debug_rjs will be removed in 3.1, from 3.1 onwards you will need to install prototype-rails to continue to use RJS templates . (called from service at /home/nikolay/.rvm/rubies/ruby-1.9.2-p180/lib/ruby/1.9.1/webrick/httpserver.rb:111)


Started GET "/users/new" for 127.0.0.1 at 2011-07-23 18:21:14 +0400
  Processing by UsersController#new as HTML
Rendered layouts/_stylesheets.html.erb (2.2ms)
Rendered layouts/_header.html.erb (2.6ms)
Rendered layouts/_footer.html.erb (2.1ms)
Rendered users/new.html.erb within layouts/application (15.4ms)
Completed 200 OK in 25ms (Views: 24.1ms | ActiveRecord: 0.0ms)


Started GET "/signup" for 127.0.0.1 at 2011-07-23 18:25:08 +0400
  Processing by UsersController#new as HTML
Rendered layouts/_stylesheets.html.erb (3.0ms)
Rendered layouts/_header.html.erb (3.6ms)
Rendered layouts/_footer.html.erb (2.2ms)
Rendered users/new.html.erb within layouts/application (19.8ms)
Completed 200 OK in 31ms (Views: 30.3ms | ActiveRecord: 0.0ms)
